<?xml version="1.0" encoding="UTF-8"?>
<!-- Generated by org.testng.reporters.JUnitReportReporter -->
<testsuite hostname="Suryas-MacBook-Air.local" failures="0" tests="1" name="appiumAutomation.SwipeGesture" time="2.995" errors="0" timestamp="2024-12-24T13:41:06 IST" skipped="0">
  <testcase classname="appiumAutomation.SwipeGesture" name="swipe" time="2.995"/>
</testsuite> <!-- appiumAutomation.SwipeGesture -->
