<?xml version="1.0" encoding="UTF-8"?>
<!-- Generated by org.testng.reporters.JUnitReportReporter -->
<testsuite hostname="Suryas-MacBook-Air.local" failures="0" tests="1" name="appiumAutomation.AppiumBasics" time="5.016" errors="0" timestamp="2024-12-24T11:20:56 IST" skipped="0">
  <testcase classname="appiumAutomation.AppiumBasics" name="test1" time="5.016"/>
</testsuite> <!-- appiumAutomation.AppiumBasics -->
