<?xml version="1.0" encoding="UTF-8"?>
<!-- Generated by org.testng.reporters.JUnitReportReporter -->
<testsuite hostname="Suryas-MacBook-Air.local" failures="0" tests="1" name="appiumAutomation.ScrollPractice" time="29.409" errors="0" timestamp="2024-12-24T13:01:00 IST" skipped="0">
  <testcase classname="appiumAutomation.ScrollPractice" name="pageScroll" time="29.409"/>
</testsuite> <!-- appiumAutomation.ScrollPractice -->
