<?xml version="1.0" encoding="UTF-8"?>
<!-- Generated by org.testng.reporters.JUnitReportReporter -->
<testsuite hostname="Suryas-MacBook-Air.local" failures="0" tests="1" name="appiumAutomation.LongPress" time="5.830" errors="0" timestamp="2024-12-24T12:06:06 IST" skipped="0">
  <testcase classname="appiumAutomation.LongPress" name="longpressMobile" time="5.830"/>
</testsuite> <!-- appiumAutomation.LongPress -->
